<?xml version="1.0" encoding="UTF-8"?>
<!-- Generated by org.testng.reporters.JUnitReportReporter -->
<testsuite ignored="0" hostname="LEIs-MacBook-Pro.local" failures="0" tests="1" name="mytest.WebDriverManagerTest" time="5.992" errors="0" timestamp="27 Jun 2020 00:30:14 GMT" skipped="0">
  <testcase classname="mytest.WebDriverManagerTest" name="checkTitle" time="5.992"/>
</testsuite> <!-- mytest.WebDriverManagerTest -->
