<?xml version="1.0" encoding="UTF-8"?>
<!-- Generated by org.testng.reporters.JUnitReportReporter -->
<testsuite ignored="0" hostname="LEIs-MacBook-Pro.local" failures="0" tests="1" name="com.crm.qa.testcases.ContactsPageTest" time="13.232" errors="0" timestamp="05 Jun 2020 06:18:12 GMT" skipped="0">
  <testcase classname="com.crm.qa.testcases.ContactsPageTest" name="deleteSingleContact" time="13.232"/>
</testsuite> <!-- com.crm.qa.testcases.ContactsPageTest -->
