<?xml version="1.0" encoding="UTF-8"?>
<!-- Generated by org.testng.reporters.JUnitReportReporter -->
<testsuite ignored="0" hostname="LEIs-MacBook-Pro.local" failures="0" tests="1" name="SeleniumInterviewQuestions.test" time="2.027" errors="0" timestamp="29 Sep 2020 18:11:08 GMT" skipped="0">
  <testcase classname="SeleniumInterviewQuestions.test" name="openWebsite" time="2.027"/>
</testsuite> <!-- SeleniumInterviewQuestions.test -->
