<?xml version="1.0" encoding="UTF-8"?>
<!-- Generated by org.testng.reporters.JUnitReportReporter -->
<testsuite ignored="0" hostname="LEIs-MacBook-Pro.local" failures="0" tests="1" name="SeleniumInterviewQuestions.SeleniumInterviewQuest1" time="3.941" errors="0" timestamp="02 Oct 2020 06:16:54 GMT" skipped="0">
  <testcase classname="SeleniumInterviewQuestions.SeleniumInterviewQuest1" name="trySelectDisplayed" time="3.941"/>
</testsuite> <!-- SeleniumInterviewQuestions.SeleniumInterviewQuest1 -->
