<?xml version="1.0" encoding="UTF-8"?>
<!-- Generated by org.testng.reporters.JUnitReportReporter -->
<testsuite ignored="0" hostname="LEIs-MacBook-Pro.local" failures="0" tests="5" name="com.crm.qa.testcases.HomePageTest" time="31.295" errors="0" timestamp="04 Jun 2020 19:31:52 GMT" skipped="0">
  <testcase classname="com.crm.qa.testcases.HomePageTest" name="verifyHomePageTitleTest" time="5.721"/>
  <testcase classname="com.crm.qa.testcases.HomePageTest" name="clickOnContactsPageTest" time="6.506"/>
  <testcase classname="com.crm.qa.testcases.HomePageTest" name="verifyUserNameLabelTest" time="6.067"/>
  <testcase classname="com.crm.qa.testcases.HomePageTest" name="clickOnTasksPageTest" time="6.511"/>
  <testcase classname="com.crm.qa.testcases.HomePageTest" name="clickOnDealsPageTest" time="6.490"/>
</testsuite> <!-- com.crm.qa.testcases.HomePageTest -->
