<?xml version="1.0" encoding="UTF-8"?>
<!-- Generated by org.testng.reporters.JUnitReportReporter -->
<testsuite ignored="0" hostname="LEIs-MacBook-Pro.local" failures="0" tests="1" name="JavaInterviewQuestions.SingletonTestPage" time="3.276" errors="0" timestamp="18 Aug 2020 19:29:42 GMT" skipped="0">
  <testcase classname="JavaInterviewQuestions.SingletonTestPage" name="testMethod" time="3.276"/>
</testsuite> <!-- JavaInterviewQuestions.SingletonTestPage -->
