<?xml version="1.0" encoding="UTF-8"?>
<!-- Generated by org.testng.reporters.JUnitReportReporter -->
<testsuite ignored="0" hostname="LEIs-MacBook-Pro.local" failures="0" tests="1" name="FreeCRMHashMap.FreeCRMTestWithHashMap" time="5.420" errors="0" timestamp="15 Jun 2020 23:45:22 GMT" skipped="0">
  <testcase classname="FreeCRMHashMap.FreeCRMTestWithHashMap" name="regularUserLogin" time="5.420"/>
</testsuite> <!-- FreeCRMHashMap.FreeCRMTestWithHashMap -->
