<?xml version="1.0" encoding="UTF-8"?>
<!-- Generated by org.testng.reporters.JUnitReportReporter -->
<testsuite ignored="0" hostname="LEIs-MacBook-Pro.local" failures="0" tests="3" name="com.crm.qa.testcases.LoginPageTest" time="10.950" errors="0" timestamp="28 May 2020 19:02:55 GMT" skipped="0">
  <testcase classname="com.crm.qa.testcases.LoginPageTest" name="loginPageTitleTest" time="2.396"/>
  <testcase classname="com.crm.qa.testcases.LoginPageTest" name="loginTest" time="6.147"/>
  <testcase classname="com.crm.qa.testcases.LoginPageTest" name="crmLogoImgTest" time="2.407"/>
</testsuite> <!-- com.crm.qa.testcases.LoginPageTest -->
