<?xml version="1.0" encoding="UTF-8"?>
<!-- Generated by org.testng.reporters.JUnitReportReporter -->
<testsuite ignored="0" hostname="LEIs-MacBook-Pro.local" failures="0" tests="1" name="SeleniumInterviewQuestions.SeleniumInterviewQuest1" time="6.596" errors="0" timestamp="30 Sep 2020 01:51:22 GMT" skipped="0">
  <testcase classname="SeleniumInterviewQuestions.SeleniumInterviewQuest1" name="findFurtherElement" time="6.596"/>
</testsuite> <!-- SeleniumInterviewQuestions.SeleniumInterviewQuest1 -->
