<?xml version="1.0" encoding="UTF-8"?>
<!-- Generated by org.testng.reporters.JUnitReportReporter -->
<testsuite ignored="0" hostname="LEIs-MacBook-Pro.local" failures="0" tests="3" name="com.crm.qa.testcases.ContactsPageTest" time="28.635" errors="0" timestamp="20 May 2020 21:11:51 GMT" skipped="0">
  <testcase classname="com.crm.qa.testcases.ContactsPageTest" name="validateCreateNewContact" time="9.582"/>
  <testcase classname="com.crm.qa.testcases.ContactsPageTest" name="validateCreateNewContact" time="8.928"/>
  <testcase classname="com.crm.qa.testcases.ContactsPageTest" name="validateCreateNewContact" time="10.125"/>
</testsuite> <!-- com.crm.qa.testcases.ContactsPageTest -->
