<?xml version="1.0" encoding="UTF-8"?>
<!-- Generated by org.testng.reporters.JUnitReportReporter -->
<testsuite ignored="0" hostname="LEIs-MacBook-Pro.local" failures="0" tests="1" name="com.crm.qa.testcases.DealsPageTest" time="7.004" errors="0" timestamp="03 Jun 2020 21:03:27 GMT" skipped="0">
  <testcase classname="com.crm.qa.testcases.DealsPageTest" name="checkPageTitle" time="7.004"/>
</testsuite> <!-- com.crm.qa.testcases.DealsPageTest -->
