<?xml version="1.0" encoding="UTF-8"?>
<!-- Generated by org.testng.reporters.JUnitReportReporter -->
<testsuite ignored="0" hostname="LEIs-MacBook-Pro.local" failures="0" tests="1" name="SeleniumInterviewQuestions.SeleniumInterviewQuest2" time="126.272" errors="0" timestamp="06 Oct 2020 20:22:56 GMT" skipped="0">
  <testcase classname="SeleniumInterviewQuestions.SeleniumInterviewQuest2" name="findBrokenLinkImg" time="126.272"/>
</testsuite> <!-- SeleniumInterviewQuestions.SeleniumInterviewQuest2 -->
