<?xml version="1.0" encoding="UTF-8"?>
<!-- Generated by org.testng.reporters.JUnitReportReporter -->
<testsuite ignored="0" hostname="LEIs-MacBook-Pro.local" failures="0" tests="3" name="com.crm.qa.testcases.LoginPageTest" time="10.412" errors="0" timestamp="04 Jun 2020 19:31:52 GMT" skipped="0">
  <testcase classname="com.crm.qa.testcases.LoginPageTest" name="crmLogoImgTest" time="2.404"/>
  <testcase classname="com.crm.qa.testcases.LoginPageTest" name="loginTest" time="5.639"/>
  <testcase classname="com.crm.qa.testcases.LoginPageTest" name="loginPageTitleTest" time="2.369"/>
</testsuite> <!-- com.crm.qa.testcases.LoginPageTest -->
