<?xml version="1.0" encoding="UTF-8"?>
<!-- Generated by org.testng.reporters.JUnitReportReporter -->
<testsuite ignored="0" hostname="LEIs-MacBook-Pro.local" failures="0" tests="3" name="com.crm.qa.testcases.LoginPageTest" time="10.591" errors="0" timestamp="20 May 2020 21:11:51 GMT" skipped="0">
  <testcase classname="com.crm.qa.testcases.LoginPageTest" name="loginPageTitleTest" time="2.397"/>
  <testcase classname="com.crm.qa.testcases.LoginPageTest" name="loginTest" time="5.752"/>
  <testcase classname="com.crm.qa.testcases.LoginPageTest" name="crmLogoImgTest" time="2.442"/>
</testsuite> <!-- com.crm.qa.testcases.LoginPageTest -->
