<?xml version="1.0" encoding="UTF-8"?>
<!-- Generated by org.testng.reporters.JUnitReportReporter -->
<testsuite ignored="0" hostname="LEIs-MacBook-Pro.local" failures="0" tests="2" name="mytest.BarcodeTest" time="8.648" errors="0" timestamp="29 Sep 2020 05:03:42 GMT" skipped="0">
  <testcase classname="mytest.BarcodeTest" name="openWebsite" time="2.756"/>
  <testcase classname="mytest.BarcodeTest" name="barCodeTest" time="5.892"/>
</testsuite> <!-- mytest.BarcodeTest -->
