<?xml version="1.0" encoding="UTF-8"?>
<!-- Generated by org.testng.reporters.JUnitReportReporter -->
<testsuite ignored="0" hostname="LEIs-MacBook-Pro.local" failures="0" tests="1" name="mytest.BarcodeTest" time="5.399" errors="0" timestamp="25 Jun 2020 06:04:22 GMT" skipped="0">
  <testcase classname="mytest.BarcodeTest" name="barCodeTest" time="5.399"/>
</testsuite> <!-- mytest.BarcodeTest -->
