<?xml version="1.0" encoding="UTF-8"?>
<!-- Generated by org.testng.reporters.JUnitReportReporter -->
<testsuite ignored="0" hostname="LEIs-MacBook-Pro.local" failures="0" tests="7" name="com.crm.qa.testcases.DealsPageTest" time="60.687" errors="0" timestamp="04 Jun 2020 19:31:52 GMT" skipped="0">
  <testcase classname="com.crm.qa.testcases.DealsPageTest" name="checkDealsLabel" time="6.796"/>
  <testcase classname="com.crm.qa.testcases.DealsPageTest" name="checkPageTitle" time="6.458"/>
  <testcase classname="com.crm.qa.testcases.DealsPageTest" name="createNewDealWithData" time="9.509"/>
  <testcase classname="com.crm.qa.testcases.DealsPageTest" name="createNewDealWithData" time="10.914"/>
  <testcase classname="com.crm.qa.testcases.DealsPageTest" name="createNewDealWithData" time="9.501"/>
  <testcase classname="com.crm.qa.testcases.DealsPageTest" name="clickDealsOrderByDesc" time="7.410"/>
  <testcase classname="com.crm.qa.testcases.DealsPageTest" name="createNewDealWithData" time="10.099"/>
</testsuite> <!-- com.crm.qa.testcases.DealsPageTest -->
