<?xml version="1.0" encoding="UTF-8"?>
<!-- Generated by org.testng.reporters.JUnitReportReporter -->
<testsuite ignored="0" hostname="LEIs-MacBook-Pro.local" failures="0" tests="5" name="com.crm.qa.testcases.HomePageTest" time="32.644" errors="0" timestamp="28 May 2020 19:02:55 GMT" skipped="0">
  <testcase classname="com.crm.qa.testcases.HomePageTest" name="clickOnTasksPageTest" time="6.460"/>
  <testcase classname="com.crm.qa.testcases.HomePageTest" name="verifyHomePageTitleTest" time="7.196"/>
  <testcase classname="com.crm.qa.testcases.HomePageTest" name="clickOnDealsPageTest" time="6.767"/>
  <testcase classname="com.crm.qa.testcases.HomePageTest" name="verifyUserNameLabelTest" time="5.689"/>
  <testcase classname="com.crm.qa.testcases.HomePageTest" name="clickOnContactsPageTest" time="6.532"/>
</testsuite> <!-- com.crm.qa.testcases.HomePageTest -->
