<?xml version="1.0" encoding="UTF-8"?>
<!-- Generated by org.testng.reporters.JUnitReportReporter -->
<testsuite ignored="0" hostname="LEIs-MacBook-Pro.local" failures="0" tests="1" name="mytest.PDFReaderTest" time="3.416" errors="0" timestamp="25 Jun 2020 20:49:49 GMT" skipped="0">
  <testcase classname="mytest.PDFReaderTest" name="readPDFTest" time="3.416"/>
</testsuite> <!-- mytest.PDFReaderTest -->
