<?xml version="1.0" encoding="UTF-8"?>
<!-- Generated by org.testng.reporters.JUnitReportReporter -->
<testsuite ignored="0" hostname="LEIs-MacBook-Pro.local" failures="0" tests="5" name="com.crm.qa.testcases.HomePageTest" time="31.952" errors="0" timestamp="20 May 2020 21:11:51 GMT" skipped="0">
  <testcase classname="com.crm.qa.testcases.HomePageTest" name="clickOnContactsPageTest" time="6.432"/>
  <testcase classname="com.crm.qa.testcases.HomePageTest" name="verifyHomePageTitleTest" time="5.799"/>
  <testcase classname="com.crm.qa.testcases.HomePageTest" name="verifyUserNameLabelTest" time="5.944"/>
  <testcase classname="com.crm.qa.testcases.HomePageTest" name="clickOnTasksPageTest" time="6.626"/>
  <testcase classname="com.crm.qa.testcases.HomePageTest" name="clickOnDealsPageTest" time="7.151"/>
</testsuite> <!-- com.crm.qa.testcases.HomePageTest -->
