<?xml version="1.0" encoding="UTF-8"?>
<!-- Generated by org.testng.reporters.JUnitReportReporter -->
<testsuite ignored="0" hostname="LEIs-MacBook-Pro.local" failures="0" tests="6" name="com.crm.qa.testcases.DealsPageTest" time="54.387" errors="0" timestamp="28 May 2020 19:02:55 GMT" skipped="0">
  <testcase classname="com.crm.qa.testcases.DealsPageTest" name="createNewDealWithData" time="10.119"/>
  <testcase classname="com.crm.qa.testcases.DealsPageTest" name="clickDealsOrderByDesc" time="7.276"/>
  <testcase classname="com.crm.qa.testcases.DealsPageTest" name="checkDealsLabel" time="6.737"/>
  <testcase classname="com.crm.qa.testcases.DealsPageTest" name="createNewDealWithData" time="10.109"/>
  <testcase classname="com.crm.qa.testcases.DealsPageTest" name="createNewDealWithData" time="10.331"/>
  <testcase classname="com.crm.qa.testcases.DealsPageTest" name="createNewDealWithData" time="9.815"/>
</testsuite> <!-- com.crm.qa.testcases.DealsPageTest -->
