<?xml version="1.0" encoding="UTF-8"?>
<!-- Generated by org.testng.reporters.JUnitReportReporter -->
<testsuite ignored="0" hostname="LEIs-MacBook-Pro.local" failures="0" tests="2" name="SeleniumInterviewQuestions.SeleniumInterviewQuest1" time="11.833" errors="0" timestamp="06 Oct 2020 05:55:40 GMT" skipped="0">
  <testcase classname="SeleniumInterviewQuestions.SeleniumInterviewQuest1" name="bootstrapDowndown" time="4.626"/>
  <testcase classname="SeleniumInterviewQuestions.SeleniumInterviewQuest1" name="dragDropHandler" time="7.207"/>
</testsuite> <!-- SeleniumInterviewQuestions.SeleniumInterviewQuest1 -->
