<?xml version="1.0" encoding="UTF-8"?>
<!-- Generated by org.testng.reporters.JUnitReportReporter -->
<testsuite ignored="0" hostname="LEIs-MacBook-Pro.local" failures="0" tests="1" name="SeleniumInterviewQuestions.SeleniumInterviewQuest2" time="4.577" errors="0" timestamp="09 Oct 2020 01:04:25 GMT" skipped="0">
  <testcase classname="SeleniumInterviewQuestions.SeleniumInterviewQuest2" name="scrollIntoView1" time="4.577"/>
</testsuite> <!-- SeleniumInterviewQuestions.SeleniumInterviewQuest2 -->
