<?xml version="1.0" encoding="UTF-8"?>
<!-- Generated by org.testng.reporters.JUnitReportReporter -->
<testsuite ignored="0" hostname="LEIs-MacBook-Pro.local" failures="0" tests="3" name="com.crm.qa.testcases.ContactsPageTest" time="26.580" errors="0" timestamp="04 Jun 2020 19:31:52 GMT" skipped="0">
  <testcase classname="com.crm.qa.testcases.ContactsPageTest" name="validateCreateNewContact" time="8.709"/>
  <testcase classname="com.crm.qa.testcases.ContactsPageTest" name="validateCreateNewContact" time="8.989"/>
  <testcase classname="com.crm.qa.testcases.ContactsPageTest" name="validateCreateNewContact" time="8.882"/>
</testsuite> <!-- com.crm.qa.testcases.ContactsPageTest -->
