<?xml version="1.0" encoding="UTF-8"?>
<!-- Generated by org.testng.reporters.JUnitReportReporter -->
<testsuite ignored="0" hostname="LEIs-MacBook-Pro.local" failures="0" tests="6" name="com.crm.qa.testcases.DealsPageTest" time="58.311" errors="0" timestamp="20 May 2020 21:11:51 GMT" skipped="0">
  <testcase classname="com.crm.qa.testcases.DealsPageTest" name="checkDealsLabel" time="6.690"/>
  <testcase classname="com.crm.qa.testcases.DealsPageTest" name="createNewDealWithData" time="11.135"/>
  <testcase classname="com.crm.qa.testcases.DealsPageTest" name="createNewDealWithData" time="10.968"/>
  <testcase classname="com.crm.qa.testcases.DealsPageTest" name="createNewDealWithData" time="10.739"/>
  <testcase classname="com.crm.qa.testcases.DealsPageTest" name="createNewDealWithData" time="11.162"/>
  <testcase classname="com.crm.qa.testcases.DealsPageTest" name="clickDealsOrderByDesc" time="7.617"/>
</testsuite> <!-- com.crm.qa.testcases.DealsPageTest -->
