<?xml version="1.0" encoding="UTF-8"?>
<!-- Generated by org.testng.reporters.JUnitReportReporter -->
<testsuite hostname="LEIs-MacBook-Pro.local" failures="0" tests="1" name="com.test.GoogleTest" time="8.290" errors="0" timestamp="2020-06-04T18:32:39 PDT" skipped="0">
  <testcase classname="com.test.GoogleTest" name="googleSearch" time="8.290"/>
  <system-out/>
</testsuite> <!-- com.test.GoogleTest -->
