<?xml version="1.0" encoding="UTF-8"?>
<!-- Generated by org.testng.reporters.JUnitReportReporter -->
<testsuite hostname="LEIs-MacBook-Pro.local" failures="0" tests="2" name="com.test.TestNGBasics" time="0.002" errors="0" timestamp="2020-05-01T11:38:08 PDT" skipped="0">
  <testcase classname="com.test.TestNGBasics" name="googleTitleTest" time="0.001"/>
  <system-out/>
  <testcase classname="com.test.TestNGBasics" name="googleSearchTest" time="0.001"/>
  <system-out/>
</testsuite> <!-- com.test.TestNGBasics -->
