<?xml version="1.0" encoding="UTF-8"?>
<!-- Generated by org.testng.reporters.JUnitReportReporter -->
<testsuite hostname="LEIs-MacBook-Pro.local" failures="0" tests="3" name="com.test.GoogleTest" time="7.536" errors="0" timestamp="2020-05-01T11:38:08 PDT" skipped="0">
  <testcase classname="com.test.GoogleTest" name="googleTitleTest" time="2.848"/>
  <system-out/>
  <testcase classname="com.test.GoogleTest" name="googleLogoTest" time="2.944"/>
  <system-out/>
  <testcase classname="com.test.GoogleTest" name="googleGmailLinkTest" time="1.744"/>
  <system-out/>
</testsuite> <!-- com.test.GoogleTest -->
