<?xml version="1.0" encoding="UTF-8"?>
<!-- Generated by org.testng.reporters.JUnitReportReporter -->
<testsuite hostname="LEIs-MacBook-Pro.local" failures="0" tests="8" name="com.test.BootStrapDropdownTest" time="37.878" errors="0" timestamp="2020-05-01T11:38:08 PDT" skipped="0">
  <testcase classname="com.test.BootStrapDropdownTest" name="simpleTestDependsOnMethod" time="2.546"/>
  <system-out/>
  <testcase classname="com.test.BootStrapDropdownTest" name="testExpectedExceptionsPara" time="1.901"/>
  <system-out/>
  <testcase classname="com.test.BootStrapDropdownTest" name="findDropdownBox" time="1.963"/>
  <system-out/>
  <testcase classname="com.test.BootStrapDropdownTest" name="less3SelectedFromDropdown" time="5.604"/>
  <system-out/>
  <testcase classname="com.test.BootStrapDropdownTest" name="more3SelectedFromDropdown" time="5.715"/>
  <system-out/>
  <testcase classname="com.test.BootStrapDropdownTest" name="noneSelectedFromDropdown2" time="8.196"/>
  <system-out/>
  <testcase classname="com.test.BootStrapDropdownTest" name="noneSelectedFromDropdown3" time="5.751"/>
  <system-out/>
  <testcase classname="com.test.BootStrapDropdownTest" name="noneSelectedFromDropdown1" time="6.202"/>
  <system-out/>
</testsuite> <!-- com.test.BootStrapDropdownTest -->
