<?xml version="1.0" encoding="UTF-8"?>
<!-- Generated by org.testng.reporters.JUnitReportReporter -->
<testsuite hostname="LEIs-MacBook-Pro.local" failures="0" tests="2" name="com.test.TestNGBasics" time="0.009" errors="0" timestamp="2020-06-04T18:16:32 PDT" skipped="0">
  <testcase classname="com.test.TestNGBasics" name="googleTitleTest" time="0.005"/>
  <system-out/>
  <testcase classname="com.test.TestNGBasics" name="googleSearchTest" time="0.004"/>
  <system-out/>
</testsuite> <!-- com.test.TestNGBasics -->
