<?xml version="1.0" encoding="UTF-8"?>
<!-- Generated by org.testng.reporters.JUnitReportReporter -->
<testsuite hostname="LEIs-MacBook-Pro.local" failures="0" tests="8" name="com.test.BootStrapDropdownTest" time="40.161" errors="0" timestamp="2020-06-04T18:16:32 PDT" skipped="0">
  <testcase classname="com.test.BootStrapDropdownTest" name="testExpectedExceptionsPara" time="2.406"/>
  <system-out/>
  <testcase classname="com.test.BootStrapDropdownTest" name="simpleTestDependsOnMethod" time="3.338"/>
  <system-out/>
  <testcase classname="com.test.BootStrapDropdownTest" name="findDropdownBox" time="2.483"/>
  <system-out/>
  <testcase classname="com.test.BootStrapDropdownTest" name="less3SelectedFromDropdown" time="7.159"/>
  <system-out/>
  <testcase classname="com.test.BootStrapDropdownTest" name="more3SelectedFromDropdown" time="6.124"/>
  <system-out/>
  <testcase classname="com.test.BootStrapDropdownTest" name="noneSelectedFromDropdown2" time="5.904"/>
  <system-out/>
  <testcase classname="com.test.BootStrapDropdownTest" name="noneSelectedFromDropdown1" time="6.905"/>
  <system-out/>
  <testcase classname="com.test.BootStrapDropdownTest" name="noneSelectedFromDropdown3" time="5.842"/>
  <system-out/>
</testsuite> <!-- com.test.BootStrapDropdownTest -->
