<?xml version="1.0" encoding="UTF-8"?>
<!-- Generated by org.testng.reporters.JUnitReportReporter -->
<testsuite hostname="LEIs-MacBook-Pro.local" failures="0" tests="8" name="com.test.BootStrapDropdownTest" time="40.441" errors="0" timestamp="2020-06-08T13:12:45 PDT" skipped="0">
  <testcase classname="com.test.BootStrapDropdownTest" name="simpleTestDependsOnMethod" time="2.612"/>
  <system-out/>
  <testcase classname="com.test.BootStrapDropdownTest" name="testExpectedExceptionsPara" time="2.461"/>
  <system-out/>
  <testcase classname="com.test.BootStrapDropdownTest" name="findDropdownBox" time="2.683"/>
  <system-out/>
  <testcase classname="com.test.BootStrapDropdownTest" name="less3SelectedFromDropdown" time="6.737"/>
  <system-out/>
  <testcase classname="com.test.BootStrapDropdownTest" name="more3SelectedFromDropdown" time="7.956"/>
  <system-out/>
  <testcase classname="com.test.BootStrapDropdownTest" name="noneSelectedFromDropdown3" time="5.958"/>
  <system-out/>
  <testcase classname="com.test.BootStrapDropdownTest" name="noneSelectedFromDropdown2" time="6.028"/>
  <system-out/>
  <testcase classname="com.test.BootStrapDropdownTest" name="noneSelectedFromDropdown1" time="6.006"/>
  <system-out/>
</testsuite> <!-- com.test.BootStrapDropdownTest -->
