<?xml version="1.0" encoding="UTF-8"?>
<testsuite xmlns:xsi="http://www.w3.org/2001/XMLSchema-instance" xsi:noNamespaceSchemaLocation="https://maven.apache.org/surefire/maven-surefire-plugin/xsd/surefire-test-report.xsd" name="TestSuite" time="127.914" tests="17" errors="0" skipped="0" failures="0">
  <properties>
    <property name="gopherProxySet" value="false"/>
    <property name="awt.toolkit" value="sun.lwawt.macosx.LWCToolkit"/>
    <property name="java.specification.version" value="11"/>
    <property name="sun.cpu.isalist" value=""/>
    <property name="sun.jnu.encoding" value="UTF-8"/>
    <property name="java.class.path" value="/Users/alleyyu/eclipse-workspace/FreeCRMTest/target/test-classes:/Users/alleyyu/eclipse-workspace/FreeCRMTest/target/classes:/Users/alleyyu/.m2/repository/org/seleniumhq/selenium/selenium-java/3.141.59/selenium-java-3.141.59.jar:/Users/alleyyu/.m2/repository/org/seleniumhq/selenium/selenium-api/3.141.59/selenium-api-3.141.59.jar:/Users/alleyyu/.m2/repository/org/seleniumhq/selenium/selenium-chrome-driver/3.141.59/selenium-chrome-driver-3.141.59.jar:/Users/alleyyu/.m2/repository/org/seleniumhq/selenium/selenium-edge-driver/3.141.59/selenium-edge-driver-3.141.59.jar:/Users/alleyyu/.m2/repository/org/seleniumhq/selenium/selenium-firefox-driver/3.141.59/selenium-firefox-driver-3.141.59.jar:/Users/alleyyu/.m2/repository/org/seleniumhq/selenium/selenium-ie-driver/3.141.59/selenium-ie-driver-3.141.59.jar:/Users/alleyyu/.m2/repository/org/seleniumhq/selenium/selenium-opera-driver/3.141.59/selenium-opera-driver-3.141.59.jar:/Users/alleyyu/.m2/repository/org/seleniumhq/selenium/selenium-remote-driver/3.141.59/selenium-remote-driver-3.141.59.jar:/Users/alleyyu/.m2/repository/org/seleniumhq/selenium/selenium-safari-driver/3.141.59/selenium-safari-driver-3.141.59.jar:/Users/alleyyu/.m2/repository/org/seleniumhq/selenium/selenium-support/3.141.59/selenium-support-3.141.59.jar:/Users/alleyyu/.m2/repository/net/bytebuddy/byte-buddy/1.8.15/byte-buddy-1.8.15.jar:/Users/alleyyu/.m2/repository/org/apache/commons/commons-exec/1.3/commons-exec-1.3.jar:/Users/alleyyu/.m2/repository/com/google/guava/guava/25.0-jre/guava-25.0-jre.jar:/Users/alleyyu/.m2/repository/com/google/code/findbugs/jsr305/1.3.9/jsr305-1.3.9.jar:/Users/alleyyu/.m2/repository/org/checkerframework/checker-compat-qual/2.0.0/checker-compat-qual-2.0.0.jar:/Users/alleyyu/.m2/repository/com/google/errorprone/error_prone_annotations/2.1.3/error_prone_annotations-2.1.3.jar:/Users/alleyyu/.m2/repository/com/google/j2objc/j2objc-annotations/1.1/j2objc-annotations-1.1.jar:/Users/alleyyu/.m2/repository/org/codehaus/mojo/animal-sniffer-annotations/1.14/animal-sniffer-annotations-1.14.jar:/Users/alleyyu/.m2/repository/com/squareup/okhttp3/okhttp/3.11.0/okhttp-3.11.0.jar:/Users/alleyyu/.m2/repository/com/squareup/okio/okio/1.14.0/okio-1.14.0.jar:/Users/alleyyu/.m2/repository/org/testng/testng/6.10/testng-6.10.jar:/Users/alleyyu/.m2/repository/com/beust/jcommander/1.48/jcommander-1.48.jar:/Users/alleyyu/.m2/repository/org/apache/poi/poi/3.9/poi-3.9.jar:/Users/alleyyu/.m2/repository/commons-codec/commons-codec/1.5/commons-codec-1.5.jar:/Users/alleyyu/.m2/repository/org/apache/poi/poi-ooxml/3.9/poi-ooxml-3.9.jar:/Users/alleyyu/.m2/repository/dom4j/dom4j/1.6.1/dom4j-1.6.1.jar:/Users/alleyyu/.m2/repository/xml-apis/xml-apis/1.0.b2/xml-apis-1.0.b2.jar:/Users/alleyyu/.m2/repository/org/apache/poi/poi-ooxml-schemas/3.9/poi-ooxml-schemas-3.9.jar:/Users/alleyyu/.m2/repository/org/apache/xmlbeans/xmlbeans/2.3.0/xmlbeans-2.3.0.jar:/Users/alleyyu/.m2/repository/stax/stax-api/1.0.1/stax-api-1.0.1.jar:/Users/alleyyu/.m2/repository/org/apache/poi/poi-scratchpad/3.9/poi-scratchpad-3.9.jar:/Users/alleyyu/.m2/repository/org/apache/poi/ooxml-schemas/1.1/ooxml-schemas-1.1.jar:/Users/alleyyu/.m2/repository/org/apache/poi/openxml4j/1.0-beta/openxml4j-1.0-beta.jar:/Users/alleyyu/.m2/repository/log4j/log4j/1.2.8/log4j-1.2.8.jar:/Users/alleyyu/.m2/repository/commons-io/commons-io/2.6/commons-io-2.6.jar:/Users/alleyyu/.m2/repository/com/relevantcodes/extentreports/2.41.2/extentreports-2.41.2.jar:/Users/alleyyu/.m2/repository/org/jsoup/jsoup/1.8.3/jsoup-1.8.3.jar:/Users/alleyyu/.m2/repository/org/xerial/sqlite-jdbc/3.8.11.1/sqlite-jdbc-3.8.11.1.jar:/Users/alleyyu/.m2/repository/org/freemarker/freemarker/2.3.23/freemarker-2.3.23.jar:/Users/alleyyu/.m2/repository/org/mongodb/mongodb-driver/3.0.4/mongodb-driver-3.0.4.jar:/Users/alleyyu/.m2/repository/org/mongodb/bson/3.0.4/bson-3.0.4.jar:/Users/alleyyu/.m2/repository/org/mongodb/mongodb-driver-core/3.0.4/mongodb-driver-core-3.0.4.jar:"/>
    <property name="java.vm.vendor" value="AdoptOpenJDK"/>
    <property name="sun.arch.data.model" value="64"/>
    <property name="java.vendor.url" value="https://adoptopenjdk.net/"/>
    <property name="user.timezone" value=""/>
    <property name="java.vm.specification.version" value="11"/>
    <property name="os.name" value="Mac OS X"/>
    <property name="sun.java.launcher" value="SUN_STANDARD"/>
    <property name="user.country" value="US"/>
    <property name="sun.boot.library.path" value="/Library/Java/JavaVirtualMachines/adoptopenjdk-11.jdk/Contents/Home/lib"/>
    <property name="sun.java.command" value="/Users/alleyyu/eclipse-workspace/FreeCRMTest/target/surefire/surefirebooter10101730843081640123.jar /Users/alleyyu/eclipse-workspace/FreeCRMTest/target/surefire 2020-05-26T11-11-41_141-jvmRun1 surefire8889542020538545325tmp surefire_010430987155594667747tmp"/>
    <property name="http.nonProxyHosts" value="local|*.local|169.254/16|*.169.254/16"/>
    <property name="jdk.debug" value="release"/>
    <property name="surefire.test.class.path" value="/Users/alleyyu/eclipse-workspace/FreeCRMTest/target/test-classes:/Users/alleyyu/eclipse-workspace/FreeCRMTest/target/classes:/Users/alleyyu/.m2/repository/org/seleniumhq/selenium/selenium-java/3.141.59/selenium-java-3.141.59.jar:/Users/alleyyu/.m2/repository/org/seleniumhq/selenium/selenium-api/3.141.59/selenium-api-3.141.59.jar:/Users/alleyyu/.m2/repository/org/seleniumhq/selenium/selenium-chrome-driver/3.141.59/selenium-chrome-driver-3.141.59.jar:/Users/alleyyu/.m2/repository/org/seleniumhq/selenium/selenium-edge-driver/3.141.59/selenium-edge-driver-3.141.59.jar:/Users/alleyyu/.m2/repository/org/seleniumhq/selenium/selenium-firefox-driver/3.141.59/selenium-firefox-driver-3.141.59.jar:/Users/alleyyu/.m2/repository/org/seleniumhq/selenium/selenium-ie-driver/3.141.59/selenium-ie-driver-3.141.59.jar:/Users/alleyyu/.m2/repository/org/seleniumhq/selenium/selenium-opera-driver/3.141.59/selenium-opera-driver-3.141.59.jar:/Users/alleyyu/.m2/repository/org/seleniumhq/selenium/selenium-remote-driver/3.141.59/selenium-remote-driver-3.141.59.jar:/Users/alleyyu/.m2/repository/org/seleniumhq/selenium/selenium-safari-driver/3.141.59/selenium-safari-driver-3.141.59.jar:/Users/alleyyu/.m2/repository/org/seleniumhq/selenium/selenium-support/3.141.59/selenium-support-3.141.59.jar:/Users/alleyyu/.m2/repository/net/bytebuddy/byte-buddy/1.8.15/byte-buddy-1.8.15.jar:/Users/alleyyu/.m2/repository/org/apache/commons/commons-exec/1.3/commons-exec-1.3.jar:/Users/alleyyu/.m2/repository/com/google/guava/guava/25.0-jre/guava-25.0-jre.jar:/Users/alleyyu/.m2/repository/com/google/code/findbugs/jsr305/1.3.9/jsr305-1.3.9.jar:/Users/alleyyu/.m2/repository/org/checkerframework/checker-compat-qual/2.0.0/checker-compat-qual-2.0.0.jar:/Users/alleyyu/.m2/repository/com/google/errorprone/error_prone_annotations/2.1.3/error_prone_annotations-2.1.3.jar:/Users/alleyyu/.m2/repository/com/google/j2objc/j2objc-annotations/1.1/j2objc-annotations-1.1.jar:/Users/alleyyu/.m2/repository/org/codehaus/mojo/animal-sniffer-annotations/1.14/animal-sniffer-annotations-1.14.jar:/Users/alleyyu/.m2/repository/com/squareup/okhttp3/okhttp/3.11.0/okhttp-3.11.0.jar:/Users/alleyyu/.m2/repository/com/squareup/okio/okio/1.14.0/okio-1.14.0.jar:/Users/alleyyu/.m2/repository/org/testng/testng/6.10/testng-6.10.jar:/Users/alleyyu/.m2/repository/com/beust/jcommander/1.48/jcommander-1.48.jar:/Users/alleyyu/.m2/repository/org/apache/poi/poi/3.9/poi-3.9.jar:/Users/alleyyu/.m2/repository/commons-codec/commons-codec/1.5/commons-codec-1.5.jar:/Users/alleyyu/.m2/repository/org/apache/poi/poi-ooxml/3.9/poi-ooxml-3.9.jar:/Users/alleyyu/.m2/repository/dom4j/dom4j/1.6.1/dom4j-1.6.1.jar:/Users/alleyyu/.m2/repository/xml-apis/xml-apis/1.0.b2/xml-apis-1.0.b2.jar:/Users/alleyyu/.m2/repository/org/apache/poi/poi-ooxml-schemas/3.9/poi-ooxml-schemas-3.9.jar:/Users/alleyyu/.m2/repository/org/apache/xmlbeans/xmlbeans/2.3.0/xmlbeans-2.3.0.jar:/Users/alleyyu/.m2/repository/stax/stax-api/1.0.1/stax-api-1.0.1.jar:/Users/alleyyu/.m2/repository/org/apache/poi/poi-scratchpad/3.9/poi-scratchpad-3.9.jar:/Users/alleyyu/.m2/repository/org/apache/poi/ooxml-schemas/1.1/ooxml-schemas-1.1.jar:/Users/alleyyu/.m2/repository/org/apache/poi/openxml4j/1.0-beta/openxml4j-1.0-beta.jar:/Users/alleyyu/.m2/repository/log4j/log4j/1.2.8/log4j-1.2.8.jar:/Users/alleyyu/.m2/repository/commons-io/commons-io/2.6/commons-io-2.6.jar:/Users/alleyyu/.m2/repository/com/relevantcodes/extentreports/2.41.2/extentreports-2.41.2.jar:/Users/alleyyu/.m2/repository/org/jsoup/jsoup/1.8.3/jsoup-1.8.3.jar:/Users/alleyyu/.m2/repository/org/xerial/sqlite-jdbc/3.8.11.1/sqlite-jdbc-3.8.11.1.jar:/Users/alleyyu/.m2/repository/org/freemarker/freemarker/2.3.23/freemarker-2.3.23.jar:/Users/alleyyu/.m2/repository/org/mongodb/mongodb-driver/3.0.4/mongodb-driver-3.0.4.jar:/Users/alleyyu/.m2/repository/org/mongodb/bson/3.0.4/bson-3.0.4.jar:/Users/alleyyu/.m2/repository/org/mongodb/mongodb-driver-core/3.0.4/mongodb-driver-core-3.0.4.jar:"/>
    <property name="sun.cpu.endian" value="little"/>
    <property name="user.home" value="/Users/alleyyu"/>
    <property name="user.language" value="en"/>
    <property name="java.specification.vendor" value="Oracle Corporation"/>
    <property name="java.version.date" value="2020-04-14"/>
    <property name="java.home" value="/Library/Java/JavaVirtualMachines/adoptopenjdk-11.jdk/Contents/Home"/>
    <property name="file.separator" value="/"/>
    <property name="basedir" value="/Users/alleyyu/eclipse-workspace/FreeCRMTest"/>
    <property name="java.vm.compressedOopsMode" value="Zero based"/>
    <property name="line.separator" value="&#10;"/>
    <property name="java.specification.name" value="Java Platform API Specification"/>
    <property name="java.vm.specification.vendor" value="Oracle Corporation"/>
    <property name="java.awt.graphicsenv" value="sun.awt.CGraphicsEnvironment"/>
    <property name="surefire.real.class.path" value="/Users/alleyyu/eclipse-workspace/FreeCRMTest/target/surefire/surefirebooter10101730843081640123.jar"/>
    <property name="sun.management.compiler" value="HotSpot 64-Bit Tiered Compilers"/>
    <property name="ftp.nonProxyHosts" value="local|*.local|169.254/16|*.169.254/16"/>
    <property name="java.runtime.version" value="11.0.7+10"/>
    <property name="user.name" value="alleyyu"/>
    <property name="path.separator" value=":"/>
    <property name="os.version" value="10.15.4"/>
    <property name="java.runtime.name" value="OpenJDK Runtime Environment"/>
    <property name="file.encoding" value="UTF-8"/>
    <property name="java.vm.name" value="OpenJDK 64-Bit Server VM"/>
    <property name="java.vendor.version" value="AdoptOpenJDK"/>
    <property name="localRepository" value="/Users/alleyyu/.m2/repository"/>
    <property name="java.vendor.url.bug" value="https://github.com/AdoptOpenJDK/openjdk-support/issues"/>
    <property name="java.io.tmpdir" value="/var/folders/xk/mr3j51tj6dl7j8ktd6_2vdq80000gp/T/"/>
    <property name="java.version" value="11.0.7"/>
    <property name="user.dir" value="/Users/alleyyu/eclipse-workspace/FreeCRMTest"/>
    <property name="os.arch" value="x86_64"/>
    <property name="java.vm.specification.name" value="Java Virtual Machine Specification"/>
    <property name="java.awt.printerjob" value="sun.lwawt.macosx.CPrinterJob"/>
    <property name="sun.os.patch.level" value="unknown"/>
    <property name="java.library.path" value="/Users/alleyyu/Library/Java/Extensions:/Library/Java/Extensions:/Network/Library/Java/Extensions:/System/Library/Java/Extensions:/usr/lib/java:."/>
    <property name="java.vendor" value="AdoptOpenJDK"/>
    <property name="java.vm.info" value="mixed mode"/>
    <property name="java.vm.version" value="11.0.7+10"/>
    <property name="sun.io.unicode.encoding" value="UnicodeBig"/>
    <property name="java.class.version" value="55.0"/>
    <property name="socksNonProxyHosts" value="local|*.local|169.254/16|*.169.254/16"/>
  </properties>
  <testcase name="checkDealsLabel" classname="com.crm.qa.testcases.DealsPageTest" time="0.064"/>
  <testcase name="clickDealsOrderByDesc" classname="com.crm.qa.testcases.DealsPageTest" time="0.558"/>
  <testcase name="createNewDealWithData" classname="com.crm.qa.testcases.DealsPageTest" time="3.205"/>
  <testcase name="createNewDealWithData" classname="com.crm.qa.testcases.DealsPageTest" time="3.558"/>
  <testcase name="createNewDealWithData" classname="com.crm.qa.testcases.DealsPageTest" time="3.056"/>
  <testcase name="createNewDealWithData" classname="com.crm.qa.testcases.DealsPageTest" time="3.662"/>
  <testcase name="verifyHomePageTitleTest" classname="com.crm.qa.testcases.HomePageTest" time="0.005"/>
  <testcase name="loginPageTitleTest" classname="com.crm.qa.testcases.LoginPageTest" time="0.008"/>
  <testcase name="verifyUserNameLabelTest" classname="com.crm.qa.testcases.HomePageTest" time="0.056"/>
  <testcase name="crmLogoImgTest" classname="com.crm.qa.testcases.LoginPageTest" time="0.035"/>
  <testcase name="clickOnContactsPageTest" classname="com.crm.qa.testcases.HomePageTest" time="0.707"/>
  <testcase name="loginTest" classname="com.crm.qa.testcases.LoginPageTest" time="3.422"/>
  <testcase name="validateCreateNewContact" classname="com.crm.qa.testcases.ContactsPageTest" time="2.776"/>
  <testcase name="validateCreateNewContact" classname="com.crm.qa.testcases.ContactsPageTest" time="2.834"/>
  <testcase name="validateCreateNewContact" classname="com.crm.qa.testcases.ContactsPageTest" time="2.514"/>
  <testcase name="clickOnDealsPageTest" classname="com.crm.qa.testcases.HomePageTest" time="1.001"/>
  <testcase name="clickOnTasksPageTest" classname="com.crm.qa.testcases.HomePageTest" time="0.64"/>
</testsuite>