<?xml version="1.0" encoding="UTF-8"?>
<testsuite xmlns:xsi="http://www.w3.org/2001/XMLSchema-instance" xsi:noNamespaceSchemaLocation="https://maven.apache.org/surefire/maven-surefire-plugin/xsd/surefire-test-report.xsd" name="TryTestNG.TryTestNG.AppTest" time="0.253" tests="1" errors="0" skipped="0" failures="0">
  <properties>
    <property name="java.specification.version" value="13"/>
    <property name="sun.jnu.encoding" value="UTF-8"/>
    <property name="java.class.path" value="/Users/alleyyu/eclipse-workspace/TryTestNG/target/test-classes:/Users/alleyyu/eclipse-workspace/TryTestNG/target/classes:/Users/alleyyu/.m2/repository/junit/junit/4.11/junit-4.11.jar:/Users/alleyyu/.m2/repository/org/hamcrest/hamcrest-core/1.3/hamcrest-core-1.3.jar:/Users/alleyyu/.m2/repository/org/testng/testng/6.10/testng-6.10.jar:/Users/alleyyu/.m2/repository/com/beust/jcommander/1.48/jcommander-1.48.jar:/Users/alleyyu/.m2/repository/org/seleniumhq/selenium/selenium-chrome-driver/2.50.0/selenium-chrome-driver-2.50.0.jar:/Users/alleyyu/.m2/repository/org/seleniumhq/selenium/selenium-remote-driver/2.50.0/selenium-remote-driver-2.50.0.jar:/Users/alleyyu/.m2/repository/cglib/cglib-nodep/2.1_3/cglib-nodep-2.1_3.jar:/Users/alleyyu/.m2/repository/com/google/code/gson/gson/2.3.1/gson-2.3.1.jar:/Users/alleyyu/.m2/repository/org/seleniumhq/selenium/selenium-api/2.50.0/selenium-api-2.50.0.jar:/Users/alleyyu/.m2/repository/org/apache/httpcomponents/httpclient/4.5.1/httpclient-4.5.1.jar:/Users/alleyyu/.m2/repository/org/apache/httpcomponents/httpcore/4.4.3/httpcore-4.4.3.jar:/Users/alleyyu/.m2/repository/commons-logging/commons-logging/1.2/commons-logging-1.2.jar:/Users/alleyyu/.m2/repository/commons-codec/commons-codec/1.9/commons-codec-1.9.jar:/Users/alleyyu/.m2/repository/net/java/dev/jna/jna/4.1.0/jna-4.1.0.jar:/Users/alleyyu/.m2/repository/net/java/dev/jna/jna-platform/4.1.0/jna-platform-4.1.0.jar:/Users/alleyyu/.m2/repository/org/apache/commons/commons-lang3/3.10/commons-lang3-3.10.jar:/Users/alleyyu/.m2/repository/org/apache/commons/commons-exec/1.3/commons-exec-1.3.jar:/Users/alleyyu/.m2/repository/com/google/guava/guava/29.0-jre/guava-29.0-jre.jar:/Users/alleyyu/.m2/repository/com/google/guava/failureaccess/1.0.1/failureaccess-1.0.1.jar:/Users/alleyyu/.m2/repository/com/google/guava/listenablefuture/9999.0-empty-to-avoid-conflict-with-guava/listenablefuture-9999.0-empty-to-avoid-conflict-with-guava.jar:/Users/alleyyu/.m2/repository/com/google/code/findbugs/jsr305/3.0.2/jsr305-3.0.2.jar:/Users/alleyyu/.m2/repository/org/checkerframework/checker-qual/2.11.1/checker-qual-2.11.1.jar:/Users/alleyyu/.m2/repository/com/google/errorprone/error_prone_annotations/2.3.4/error_prone_annotations-2.3.4.jar:/Users/alleyyu/.m2/repository/com/google/j2objc/j2objc-annotations/1.3/j2objc-annotations-1.3.jar:/Users/alleyyu/.m2/repository/com/google/collections/google-collections/1.0/google-collections-1.0.jar:"/>
    <property name="java.vm.vendor" value="Oracle Corporation"/>
    <property name="sun.arch.data.model" value="64"/>
    <property name="java.vendor.url" value="https://java.oracle.com/"/>
    <property name="os.name" value="Mac OS X"/>
    <property name="java.vm.specification.version" value="13"/>
    <property name="sun.java.launcher" value="SUN_STANDARD"/>
    <property name="user.country" value="US"/>
    <property name="sun.boot.library.path" value="/Library/Java/JavaVirtualMachines/jdk-13.0.2.jdk/Contents/Home/lib"/>
    <property name="sun.java.command" value="/Users/alleyyu/eclipse-workspace/TryTestNG/target/surefire/surefirebooter6382416810040098528.jar /Users/alleyyu/eclipse-workspace/TryTestNG/target/surefire 2020-04-24T16-52-48_398-jvmRun1 surefire10998998815973392254tmp surefire_010796931034865955583tmp"/>
    <property name="http.nonProxyHosts" value="local|*.local|169.254/16|*.169.254/16"/>
    <property name="jdk.debug" value="release"/>
    <property name="surefire.test.class.path" value="/Users/alleyyu/eclipse-workspace/TryTestNG/target/test-classes:/Users/alleyyu/eclipse-workspace/TryTestNG/target/classes:/Users/alleyyu/.m2/repository/junit/junit/4.11/junit-4.11.jar:/Users/alleyyu/.m2/repository/org/hamcrest/hamcrest-core/1.3/hamcrest-core-1.3.jar:/Users/alleyyu/.m2/repository/org/testng/testng/6.10/testng-6.10.jar:/Users/alleyyu/.m2/repository/com/beust/jcommander/1.48/jcommander-1.48.jar:/Users/alleyyu/.m2/repository/org/seleniumhq/selenium/selenium-chrome-driver/2.50.0/selenium-chrome-driver-2.50.0.jar:/Users/alleyyu/.m2/repository/org/seleniumhq/selenium/selenium-remote-driver/2.50.0/selenium-remote-driver-2.50.0.jar:/Users/alleyyu/.m2/repository/cglib/cglib-nodep/2.1_3/cglib-nodep-2.1_3.jar:/Users/alleyyu/.m2/repository/com/google/code/gson/gson/2.3.1/gson-2.3.1.jar:/Users/alleyyu/.m2/repository/org/seleniumhq/selenium/selenium-api/2.50.0/selenium-api-2.50.0.jar:/Users/alleyyu/.m2/repository/org/apache/httpcomponents/httpclient/4.5.1/httpclient-4.5.1.jar:/Users/alleyyu/.m2/repository/org/apache/httpcomponents/httpcore/4.4.3/httpcore-4.4.3.jar:/Users/alleyyu/.m2/repository/commons-logging/commons-logging/1.2/commons-logging-1.2.jar:/Users/alleyyu/.m2/repository/commons-codec/commons-codec/1.9/commons-codec-1.9.jar:/Users/alleyyu/.m2/repository/net/java/dev/jna/jna/4.1.0/jna-4.1.0.jar:/Users/alleyyu/.m2/repository/net/java/dev/jna/jna-platform/4.1.0/jna-platform-4.1.0.jar:/Users/alleyyu/.m2/repository/org/apache/commons/commons-lang3/3.10/commons-lang3-3.10.jar:/Users/alleyyu/.m2/repository/org/apache/commons/commons-exec/1.3/commons-exec-1.3.jar:/Users/alleyyu/.m2/repository/com/google/guava/guava/29.0-jre/guava-29.0-jre.jar:/Users/alleyyu/.m2/repository/com/google/guava/failureaccess/1.0.1/failureaccess-1.0.1.jar:/Users/alleyyu/.m2/repository/com/google/guava/listenablefuture/9999.0-empty-to-avoid-conflict-with-guava/listenablefuture-9999.0-empty-to-avoid-conflict-with-guava.jar:/Users/alleyyu/.m2/repository/com/google/code/findbugs/jsr305/3.0.2/jsr305-3.0.2.jar:/Users/alleyyu/.m2/repository/org/checkerframework/checker-qual/2.11.1/checker-qual-2.11.1.jar:/Users/alleyyu/.m2/repository/com/google/errorprone/error_prone_annotations/2.3.4/error_prone_annotations-2.3.4.jar:/Users/alleyyu/.m2/repository/com/google/j2objc/j2objc-annotations/1.3/j2objc-annotations-1.3.jar:/Users/alleyyu/.m2/repository/com/google/collections/google-collections/1.0/google-collections-1.0.jar:"/>
    <property name="sun.cpu.endian" value="little"/>
    <property name="user.home" value="/Users/alleyyu"/>
    <property name="user.language" value="en"/>
    <property name="java.specification.vendor" value="Oracle Corporation"/>
    <property name="java.version.date" value="2020-01-14"/>
    <property name="java.home" value="/Library/Java/JavaVirtualMachines/jdk-13.0.2.jdk/Contents/Home"/>
    <property name="file.separator" value="/"/>
    <property name="basedir" value="/Users/alleyyu/eclipse-workspace/TryTestNG"/>
    <property name="java.vm.compressedOopsMode" value="Zero based"/>
    <property name="line.separator" value="&#10;"/>
    <property name="java.specification.name" value="Java Platform API Specification"/>
    <property name="java.vm.specification.vendor" value="Oracle Corporation"/>
    <property name="surefire.real.class.path" value="/Users/alleyyu/eclipse-workspace/TryTestNG/target/surefire/surefirebooter6382416810040098528.jar"/>
    <property name="sun.management.compiler" value="HotSpot 64-Bit Tiered Compilers"/>
    <property name="ftp.nonProxyHosts" value="local|*.local|169.254/16|*.169.254/16"/>
    <property name="java.runtime.version" value="13.0.2+8"/>
    <property name="user.name" value="alleyyu"/>
    <property name="path.separator" value=":"/>
    <property name="os.version" value="10.15.4"/>
    <property name="java.runtime.name" value="Java(TM) SE Runtime Environment"/>
    <property name="file.encoding" value="UTF-8"/>
    <property name="java.vm.name" value="Java HotSpot(TM) 64-Bit Server VM"/>
    <property name="localRepository" value="/Users/alleyyu/.m2/repository"/>
    <property name="java.vendor.url.bug" value="https://bugreport.java.com/bugreport/"/>
    <property name="java.io.tmpdir" value="/var/folders/xk/mr3j51tj6dl7j8ktd6_2vdq80000gp/T/"/>
    <property name="java.version" value="13.0.2"/>
    <property name="user.dir" value="/Users/alleyyu/eclipse-workspace/TryTestNG"/>
    <property name="os.arch" value="x86_64"/>
    <property name="java.vm.specification.name" value="Java Virtual Machine Specification"/>
    <property name="java.library.path" value="/Users/alleyyu/Library/Java/Extensions:/Library/Java/Extensions:/Network/Library/Java/Extensions:/System/Library/Java/Extensions:/usr/lib/java:."/>
    <property name="java.vm.info" value="mixed mode, sharing"/>
    <property name="java.vendor" value="Oracle Corporation"/>
    <property name="java.vm.version" value="13.0.2+8"/>
    <property name="sun.io.unicode.encoding" value="UnicodeBig"/>
    <property name="socksNonProxyHosts" value="local|*.local|169.254/16|*.169.254/16"/>
    <property name="java.class.version" value="57.0"/>
  </properties>
  <testcase name="shouldAnswerWithTrue on shouldAnswerWithTrue(TryTestNG.TryTestNG.AppTest)" classname="TryTestNG.TryTestNG.AppTest" time="0.002"/>
</testsuite>