<?xml version="1.0" encoding="UTF-8"?>
<!-- Generated by org.testng.reporters.JUnitReportReporter -->
<testsuite ignored="0" hostname="LEIs-MacBook-Pro.local" failures="0" tests="1" name="TryTestNG.TryTestNG.AppTest" time="0.022" errors="0" timestamp="24 Apr 2020 23:52:49 GMT" skipped="0">
  <testcase classname="TryTestNG.TryTestNG.AppTest" name="shouldAnswerWithTrue" time="0.022"/>
</testsuite> <!-- TryTestNG.TryTestNG.AppTest -->
