<?xml version="1.0" encoding="UTF-8"?>
<!-- Generated by org.testng.reporters.JUnitReportReporter -->
<testsuite ignored="0" hostname="LEIs-MacBook-Pro.local" failures="0" tests="3" name="com.crm.qa.testcases.LoginPageTest" time="10.683" errors="0" timestamp="26 May 2020 18:13:49 GMT" skipped="0">
  <testcase classname="com.crm.qa.testcases.LoginPageTest" name="loginPageTitleTest" time="2.374"/>
  <testcase classname="com.crm.qa.testcases.LoginPageTest" name="crmLogoImgTest" time="2.499"/>
  <testcase classname="com.crm.qa.testcases.LoginPageTest" name="loginTest" time="5.810"/>
</testsuite> <!-- com.crm.qa.testcases.LoginPageTest -->
