<?xml version="1.0" encoding="UTF-8"?>
<!-- Generated by org.testng.reporters.JUnitReportReporter -->
<testsuite ignored="0" hostname="LEIs-MacBook-Pro.local" failures="0" tests="6" name="com.crm.qa.testcases.DealsPageTest" time="56.240" errors="0" timestamp="26 May 2020 18:13:49 GMT" skipped="0">
  <testcase classname="com.crm.qa.testcases.DealsPageTest" name="clickDealsOrderByDesc" time="7.388"/>
  <testcase classname="com.crm.qa.testcases.DealsPageTest" name="createNewDealWithData" time="10.133"/>
  <testcase classname="com.crm.qa.testcases.DealsPageTest" name="createNewDealWithData" time="11.527"/>
  <testcase classname="com.crm.qa.testcases.DealsPageTest" name="createNewDealWithData" time="9.526"/>
  <testcase classname="com.crm.qa.testcases.DealsPageTest" name="createNewDealWithData" time="10.850"/>
  <testcase classname="com.crm.qa.testcases.DealsPageTest" name="checkDealsLabel" time="6.816"/>
</testsuite> <!-- com.crm.qa.testcases.DealsPageTest -->
